{"time":"2022-02-22 11:47:22.076","level":"INFO","thread":"main","loggerClass":"c.s.milky.example.Application","line":"55","message":"Starting Application using Java 1.8.0_151 on ChuangHou-Mac-Pro with PID 49424 (/Users/houchuang/milky/example/target/classes started by houchuang in /Users/houchuang/milky)"}
{"time":"2022-02-22 11:47:22.082","level":"INFO","thread":"main","loggerClass":"c.s.milky.example.Application","line":"635","message":"No active profile set, falling back to default profiles: default"}
{"time":"2022-02-22 11:47:22.820","level":"INFO","thread":"main","loggerClass":"o.s.b.w.e.t.TomcatWebServer","line":"108","message":"Tomcat initialized with port(s): 8080 (http)"}
{"time":"2022-02-22 11:47:22.828","level":"INFO","thread":"main","loggerClass":"o.a.c.core.StandardService","line":"173","message":"Starting service [Tomcat]"}
{"time":"2022-02-22 11:47:22.829","level":"INFO","thread":"main","loggerClass":"o.a.c.core.StandardEngine","line":"173","message":"Starting Servlet engine: [Apache Tomcat/9.0.56]"}
{"time":"2022-02-22 11:47:22.892","level":"INFO","thread":"main","loggerClass":"o.a.c.c.C.[.[localhost].[/]","line":"173","message":"Initializing Spring embedded WebApplicationContext"}
{"time":"2022-02-22 11:47:22.892","level":"INFO","thread":"main","loggerClass":"o.s.b.w.s.c.ServletWebServerApplicationContext","line":"290","message":"Root WebApplicationContext: initialization completed in 778 ms"}
{"time":"2022-02-22 11:47:22.997","level":"INFO","thread":"main","loggerClass":"org.reflections.Reflections","line":"232","message":"Reflections took 25 ms to scan 1 urls, producing 17 keys and 18 values "}
{"time":"2022-02-22 11:47:23.262","level":"INFO","thread":"main","loggerClass":"o.s.b.w.e.t.TomcatWebServer","line":"220","message":"Tomcat started on port(s): 8080 (http) with context path ''"}
{"time":"2022-02-22 11:47:23.271","level":"INFO","thread":"main","loggerClass":"c.s.milky.example.Application","line":"61","message":"Started Application in 1.628 seconds (JVM running for 2.143)"}
{"time":"2022-02-22 11:47:29.386","level":"INFO","thread":"http-nio-8080-exec-2","loggerClass":"o.a.c.c.C.[.[localhost].[/]","line":"173","message":"Initializing Spring DispatcherServlet 'dispatcherServlet'"}
{"time":"2022-02-22 11:47:29.387","level":"INFO","thread":"http-nio-8080-exec-2","loggerClass":"o.s.w.s.DispatcherServlet","line":"525","message":"Initializing Servlet 'dispatcherServlet'"}
{"time":"2022-02-22 11:47:29.388","level":"INFO","thread":"http-nio-8080-exec-2","loggerClass":"o.s.w.s.DispatcherServlet","line":"547","message":"Completed initialization in 1 ms"}
{"time":"2022-02-22 11:47:29.535","level":"INFO","thread":"http-nio-8080-exec-2","loggerClass":"c.s.m.e.domain.user.Student","line":"297","message":"message","grade":"730"}
{"time":"2022-02-22 11:47:29.536","level":"INFO","thread":"http-nio-8080-exec-2","loggerClass":"c.s.m.e.domain.user.Student","line":"297","message":"message"}
{"time":"2022-02-22 13:33:52.408","level":"INFO","thread":"main","loggerClass":"c.s.milky.example.Application","line":"55","message":"Starting Application using Java 1.8.0_151 on ChuangHou-Mac-Pro with PID 51284 (/Users/houchuang/milky/example/target/classes started by houchuang in /Users/houchuang/milky)"}
{"time":"2022-02-22 13:33:52.416","level":"INFO","thread":"main","loggerClass":"c.s.milky.example.Application","line":"637","message":"No active profile set, falling back to default profiles: default"}
{"time":"2022-02-22 13:33:53.369","level":"INFO","thread":"main","loggerClass":"o.s.b.w.e.t.TomcatWebServer","line":"108","message":"Tomcat initialized with port(s): 8080 (http)"}
{"time":"2022-02-22 13:33:53.378","level":"INFO","thread":"main","loggerClass":"o.a.c.core.StandardService","line":"173","message":"Starting service [Tomcat]"}
{"time":"2022-02-22 13:33:53.379","level":"INFO","thread":"main","loggerClass":"o.a.c.core.StandardEngine","line":"173","message":"Starting Servlet engine: [Apache Tomcat/9.0.56]"}
{"time":"2022-02-22 13:33:53.447","level":"INFO","thread":"main","loggerClass":"o.a.c.c.C.[.[localhost].[/]","line":"173","message":"Initializing Spring embedded WebApplicationContext"}
{"time":"2022-02-22 13:33:53.448","level":"INFO","thread":"main","loggerClass":"o.s.b.w.s.c.ServletWebServerApplicationContext","line":"290","message":"Root WebApplicationContext: initialization completed in 987 ms"}
{"time":"2022-02-22 13:33:53.552","level":"INFO","thread":"main","loggerClass":"org.reflections.Reflections","line":"232","message":"Reflections took 25 ms to scan 1 urls, producing 21 keys and 22 values "}
{"time":"2022-02-22 13:33:54.174","level":"INFO","thread":"main","loggerClass":"o.s.b.w.e.t.TomcatWebServer","line":"220","message":"Tomcat started on port(s): 8080 (http) with context path ''"}
{"time":"2022-02-22 13:33:54.182","level":"INFO","thread":"main","loggerClass":"c.s.milky.example.Application","line":"61","message":"Started Application in 2.561 seconds (JVM running for 3.177)"}
{"time":"2022-02-22 13:35:22.110","level":"INFO","thread":"main","loggerClass":"c.s.milky.example.Application","line":"55","message":"Starting Application using Java 1.8.0_151 on ChuangHou-Mac-Pro with PID 51343 (/Users/houchuang/milky/example/target/classes started by houchuang in /Users/houchuang/milky)"}
{"time":"2022-02-22 13:35:22.115","level":"INFO","thread":"main","loggerClass":"c.s.milky.example.Application","line":"637","message":"No active profile set, falling back to default profiles: default"}
{"time":"2022-02-22 13:35:23.038","level":"INFO","thread":"main","loggerClass":"o.s.b.w.e.t.TomcatWebServer","line":"108","message":"Tomcat initialized with port(s): 8080 (http)"}
{"time":"2022-02-22 13:35:23.046","level":"INFO","thread":"main","loggerClass":"o.a.c.core.StandardService","line":"173","message":"Starting service [Tomcat]"}
{"time":"2022-02-22 13:35:23.047","level":"INFO","thread":"main","loggerClass":"o.a.c.core.StandardEngine","line":"173","message":"Starting Servlet engine: [Apache Tomcat/9.0.56]"}
{"time":"2022-02-22 13:35:23.113","level":"INFO","thread":"main","loggerClass":"o.a.c.c.C.[.[localhost].[/]","line":"173","message":"Initializing Spring embedded WebApplicationContext"}
{"time":"2022-02-22 13:35:23.113","level":"INFO","thread":"main","loggerClass":"o.s.b.w.s.c.ServletWebServerApplicationContext","line":"290","message":"Root WebApplicationContext: initialization completed in 966 ms"}
{"time":"2022-02-22 13:35:23.198","level":"INFO","thread":"main","loggerClass":"org.reflections.Reflections","line":"232","message":"Reflections took 21 ms to scan 1 urls, producing 21 keys and 22 values "}
{"time":"2022-02-22 13:35:23.933","level":"INFO","thread":"main","loggerClass":"o.s.b.w.e.t.TomcatWebServer","line":"220","message":"Tomcat started on port(s): 8080 (http) with context path ''"}
{"time":"2022-02-22 13:35:23.947","level":"INFO","thread":"main","loggerClass":"c.s.milky.example.Application","line":"61","message":"Started Application in 2.247 seconds (JVM running for 2.663)"}
{"time":"2022-02-22 13:46:20.780","level":"INFO","thread":"main","loggerClass":"c.s.milky.example.Application","line":"55","message":"Starting Application using Java 1.8.0_151 on ChuangHou-Mac-Pro with PID 51834 (/Users/houchuang/milky/example/target/classes started by houchuang in /Users/houchuang/milky)"}
{"time":"2022-02-22 13:46:20.788","level":"INFO","thread":"main","loggerClass":"c.s.milky.example.Application","line":"637","message":"No active profile set, falling back to default profiles: default"}
{"time":"2022-02-22 13:46:21.775","level":"INFO","thread":"main","loggerClass":"o.s.b.w.e.t.TomcatWebServer","line":"108","message":"Tomcat initialized with port(s): 8080 (http)"}
{"time":"2022-02-22 13:46:21.784","level":"INFO","thread":"main","loggerClass":"o.a.c.core.StandardService","line":"173","message":"Starting service [Tomcat]"}
{"time":"2022-02-22 13:46:21.784","level":"INFO","thread":"main","loggerClass":"o.a.c.core.StandardEngine","line":"173","message":"Starting Servlet engine: [Apache Tomcat/9.0.56]"}
{"time":"2022-02-22 13:46:21.856","level":"INFO","thread":"main","loggerClass":"o.a.c.c.C.[.[localhost].[/]","line":"173","message":"Initializing Spring embedded WebApplicationContext"}
{"time":"2022-02-22 13:46:21.856","level":"INFO","thread":"main","loggerClass":"o.s.b.w.s.c.ServletWebServerApplicationContext","line":"290","message":"Root WebApplicationContext: initialization completed in 1020 ms"}
{"time":"2022-02-22 13:46:21.956","level":"INFO","thread":"main","loggerClass":"org.reflections.Reflections","line":"232","message":"Reflections took 23 ms to scan 1 urls, producing 21 keys and 22 values "}
{"time":"2022-02-22 13:46:22.520","level":"INFO","thread":"main","loggerClass":"o.s.b.w.e.t.TomcatWebServer","line":"220","message":"Tomcat started on port(s): 8080 (http) with context path ''"}
{"time":"2022-02-22 13:46:22.528","level":"INFO","thread":"main","loggerClass":"c.s.milky.example.Application","line":"61","message":"Started Application in 2.235 seconds (JVM running for 2.822)"}
{"time":"2022-02-22 14:00:22.904","level":"INFO","thread":"http-nio-8080-exec-1","loggerClass":"o.a.c.c.C.[.[localhost].[/]","line":"173","message":"Initializing Spring DispatcherServlet 'dispatcherServlet'"}
{"time":"2022-02-22 14:00:22.904","level":"INFO","thread":"http-nio-8080-exec-1","loggerClass":"o.s.w.s.DispatcherServlet","line":"525","message":"Initializing Servlet 'dispatcherServlet'"}
{"time":"2022-02-22 14:00:22.905","level":"INFO","thread":"http-nio-8080-exec-1","loggerClass":"o.s.w.s.DispatcherServlet","line":"547","message":"Completed initialization in 1 ms"}
{"time":"2022-02-22 14:00:22.954","level":"ERROR","thread":"http-nio-8080-exec-1","loggerClass":"o.a.c.c.C.[.[.[.[dispatcherServlet]","line":"175","message":"Servlet.service() for servlet [dispatcherServlet] in context with path [] threw exception [Request processing failed; nested exception is java.lang.NullPointerException] with root cause","stack_trace":"java.lang.NullPointerException: null\n\tat com.stellariver.milky.example.domain.user.command.ChangeCommand.getAggregationId(ChangeCommand.java:21)\n\tat com.stellariver.milky.domain.support.command.CommandBus.send(CommandBus.java:187)\n\tat com.stellariver.milky.domain.support.command.CommandBus.send(CommandBus.java:182)\n\tat com.stellariver.milky.example.adpater.controller.UserController.changeName(UserController.java:21)\n\tat sun.reflect.NativeMethodAccessorImpl.invoke0(Native Method)\n\tat sun.reflect.NativeMethodAccessorImpl.invoke(NativeMethodAccessorImpl.java:62)\n\tat sun.reflect.DelegatingMethodAccessorImpl.invoke(DelegatingMethodAccessorImpl.java:43)\n\tat java.lang.reflect.Method.invoke(Method.java:498)\n\tat org.springframework.web.method.support.InvocableHandlerMethod.doInvoke(InvocableHandlerMethod.java:205)\n\tat org.springframework.web.method.support.InvocableHandlerMethod.invokeForRequest(InvocableHandlerMethod.java:150)\n\tat org.springframework.web.servlet.mvc.method.annotation.ServletInvocableHandlerMethod.invokeAndHandle(ServletInvocableHandlerMethod.java:117)\n\tat org.springframework.web.servlet.mvc.method.annotation.RequestMappingHandlerAdapter.invokeHandlerMethod(RequestMappingHandlerAdapter.java:895)\n\tat org.springframework.web.servlet.mvc.method.annotation.RequestMappingHandlerAdapter.handleInternal(RequestMappingHandlerAdapter.java:808)\n\tat org.springframework.web.servlet.mvc.method.AbstractHandlerMethodAdapter.handle(AbstractHandlerMethodAdapter.java:87)\n\tat org.springframework.web.servlet.DispatcherServlet.doDispatch(DispatcherServlet.java:1067)\n\tat org.springframework.web.servlet.DispatcherServlet.doService(DispatcherServlet.java:963)\n\tat org.springframework.web.servlet.FrameworkServlet.processRequest(FrameworkServlet.java:1006)\n\tat org.springframework.web.servlet.FrameworkServlet.doGet(FrameworkServlet.java:898)\n\tat javax.servlet.http.HttpServlet.service(HttpServlet.java:655)\n\tat org.springframework.web.servlet.FrameworkServlet.service(FrameworkServlet.java:883)\n\tat javax.servlet.http.HttpServlet.service(HttpServlet.java:764)\n\tat org.apache.catalina.core.ApplicationFilterChain.internalDoFilter(ApplicationFilterChain.java:227)\n\tat org.apache.catalina.core.ApplicationFilterChain.doFilter(ApplicationFilterChain.java:162)\n\tat org.apache.tomcat.websocket.server.WsFilter.doFilter(WsFilter.java:53)\n\tat org.apache.catalina.core.ApplicationFilterChain.internalDoFilter(ApplicationFilterChain.java:189)\n\tat org.apache.catalina.core.ApplicationFilterChain.doFilter(ApplicationFilterChain.java:162)\n\tat org.springframework.web.filter.RequestContextFilter.doFilterInternal(RequestContextFilter.java:100)\n\tat org.springframework.web.filter.OncePerRequestFilter.doFilter(OncePerRequestFilter.java:117)\n\tat org.apache.catalina.core.ApplicationFilterChain.internalDoFilter(ApplicationFilterChain.java:189)\n\tat org.apache.catalina.core.ApplicationFilterChain.doFilter(ApplicationFilterChain.java:162)\n"}
